<?xml version="1.0" encoding="UTF-8"?>
<testsuite xmlns:xsi="http://www.w3.org/2001/XMLSchema-instance" xsi:noNamespaceSchemaLocation="https://maven.apache.org/surefire/maven-surefire-plugin/xsd/surefire-test-report.xsd" name="es2.g3.sidsh.sci.ArticleTest" time="0.055" tests="13" errors="0" skipped="0" failures="0">
  <properties>
    <property name="sun.desktop" value="windows"/>
    <property name="awt.toolkit" value="sun.awt.windows.WToolkit"/>
    <property name="file.encoding.pkg" value="sun.io"/>
    <property name="java.specification.version" value="1.8"/>
    <property name="sun.cpu.isalist" value="amd64"/>
    <property name="sun.jnu.encoding" value="Cp1252"/>
    <property name="java.class.path" value="C:\Users\dariop\git\ESII-G3-SIDSH\Covid-SCI-Discoveries\target\test-classes;C:\Users\dariop\git\ESII-G3-SIDSH\Covid-SCI-Discoveries\target\classes;C:\Users\dariop\.m2\repository\org\junit\jupiter\junit-jupiter-engine\5.5.2\junit-jupiter-engine-5.5.2.jar;C:\Users\dariop\.m2\repository\org\apiguardian\apiguardian-api\1.1.0\apiguardian-api-1.1.0.jar;C:\Users\dariop\.m2\repository\org\junit\platform\junit-platform-engine\1.5.2\junit-platform-engine-1.5.2.jar;C:\Users\dariop\.m2\repository\org\opentest4j\opentest4j\1.2.0\opentest4j-1.2.0.jar;C:\Users\dariop\.m2\repository\org\junit\platform\junit-platform-commons\1.5.2\junit-platform-commons-1.5.2.jar;C:\Users\dariop\.m2\repository\org\junit\jupiter\junit-jupiter-api\5.5.2\junit-jupiter-api-5.5.2.jar;C:\Users\dariop\.m2\repository\pl\edu\icm\cermine\cermine-impl\1.13\cermine-impl-1.13.jar;C:\Users\dariop\.m2\repository\tw\edu\ntu\csie\libsvm\3.17\libsvm-3.17.jar;C:\Users\dariop\.m2\repository\org\jdom\jdom\1.1.3\jdom-1.1.3.jar;C:\Users\dariop\.m2\repository\jaxen\jaxen\1.1.6\jaxen-1.1.6.jar;C:\Users\dariop\.m2\repository\commons-lang\commons-lang\2.6\commons-lang-2.6.jar;C:\Users\dariop\.m2\repository\com\google\guava\guava\19.0\guava-19.0.jar;C:\Users\dariop\.m2\repository\commons-collections\commons-collections\3.2.2\commons-collections-3.2.2.jar;C:\Users\dariop\.m2\repository\commons-cli\commons-cli\1.3.1\commons-cli-1.3.1.jar;C:\Users\dariop\.m2\repository\edu\umass\cs\mallet\mallet\0.1.3\mallet-0.1.3.jar;C:\Users\dariop\.m2\repository\edu\umass\cs\mallet\grmm-deps\0.1.3\grmm-deps-0.1.3.jar;C:\Users\dariop\.m2\repository\com\itextpdf\itextpdf\5.5.11\itextpdf-5.5.11.jar;C:\Users\dariop\.m2\repository\org\bouncycastle\bcprov-jdk15on\1.54\bcprov-jdk15on-1.54.jar;C:\Users\dariop\.m2\repository\commons-io\commons-io\2.5\commons-io-2.5.jar;C:\Users\dariop\.m2\repository\commons-configuration\commons-configuration\1.10\commons-configuration-1.10.jar;C:\Users\dariop\.m2\repository\commons-logging\commons-logging\1.1.1\commons-logging-1.1.1.jar;C:\Users\dariop\.m2\repository\xerces\xercesImpl\2.11.0\xercesImpl-2.11.0.jar;C:\Users\dariop\.m2\repository\xml-apis\xml-apis\1.4.01\xml-apis-1.4.01.jar;"/>
    <property name="java.vm.vendor" value="Oracle Corporation"/>
    <property name="sun.arch.data.model" value="64"/>
    <property name="user.variant" value=""/>
    <property name="java.vendor.url" value="http://java.oracle.com/"/>
    <property name="user.timezone" value="Europe/London"/>
    <property name="java.vm.specification.version" value="1.8"/>
    <property name="os.name" value="Windows 10"/>
    <property name="user.country" value="PT"/>
    <property name="sun.java.launcher" value="SUN_STANDARD"/>
    <property name="sun.boot.library.path" value="C:\Program Files\Java\jdk1.8.0_221\jre\bin"/>
    <property name="sun.java.command" value="C:\Users\dariop\AppData\Local\Temp\surefire5116665064409538522\surefirebooter5342069244773442516.jar C:\Users\dariop\AppData\Local\Temp\surefire5116665064409538522 2020-06-15T04-22-39_931-jvmRun1 surefire3534434602731176694tmp surefire_04461911304923070314tmp"/>
    <property name="surefire.test.class.path" value="C:\Users\dariop\git\ESII-G3-SIDSH\Covid-SCI-Discoveries\target\test-classes;C:\Users\dariop\git\ESII-G3-SIDSH\Covid-SCI-Discoveries\target\classes;C:\Users\dariop\.m2\repository\org\junit\jupiter\junit-jupiter-engine\5.5.2\junit-jupiter-engine-5.5.2.jar;C:\Users\dariop\.m2\repository\org\apiguardian\apiguardian-api\1.1.0\apiguardian-api-1.1.0.jar;C:\Users\dariop\.m2\repository\org\junit\platform\junit-platform-engine\1.5.2\junit-platform-engine-1.5.2.jar;C:\Users\dariop\.m2\repository\org\opentest4j\opentest4j\1.2.0\opentest4j-1.2.0.jar;C:\Users\dariop\.m2\repository\org\junit\platform\junit-platform-commons\1.5.2\junit-platform-commons-1.5.2.jar;C:\Users\dariop\.m2\repository\org\junit\jupiter\junit-jupiter-api\5.5.2\junit-jupiter-api-5.5.2.jar;C:\Users\dariop\.m2\repository\pl\edu\icm\cermine\cermine-impl\1.13\cermine-impl-1.13.jar;C:\Users\dariop\.m2\repository\tw\edu\ntu\csie\libsvm\3.17\libsvm-3.17.jar;C:\Users\dariop\.m2\repository\org\jdom\jdom\1.1.3\jdom-1.1.3.jar;C:\Users\dariop\.m2\repository\jaxen\jaxen\1.1.6\jaxen-1.1.6.jar;C:\Users\dariop\.m2\repository\commons-lang\commons-lang\2.6\commons-lang-2.6.jar;C:\Users\dariop\.m2\repository\com\google\guava\guava\19.0\guava-19.0.jar;C:\Users\dariop\.m2\repository\commons-collections\commons-collections\3.2.2\commons-collections-3.2.2.jar;C:\Users\dariop\.m2\repository\commons-cli\commons-cli\1.3.1\commons-cli-1.3.1.jar;C:\Users\dariop\.m2\repository\edu\umass\cs\mallet\mallet\0.1.3\mallet-0.1.3.jar;C:\Users\dariop\.m2\repository\edu\umass\cs\mallet\grmm-deps\0.1.3\grmm-deps-0.1.3.jar;C:\Users\dariop\.m2\repository\com\itextpdf\itextpdf\5.5.11\itextpdf-5.5.11.jar;C:\Users\dariop\.m2\repository\org\bouncycastle\bcprov-jdk15on\1.54\bcprov-jdk15on-1.54.jar;C:\Users\dariop\.m2\repository\commons-io\commons-io\2.5\commons-io-2.5.jar;C:\Users\dariop\.m2\repository\commons-configuration\commons-configuration\1.10\commons-configuration-1.10.jar;C:\Users\dariop\.m2\repository\commons-logging\commons-logging\1.1.1\commons-logging-1.1.1.jar;C:\Users\dariop\.m2\repository\xerces\xercesImpl\2.11.0\xercesImpl-2.11.0.jar;C:\Users\dariop\.m2\repository\xml-apis\xml-apis\1.4.01\xml-apis-1.4.01.jar;"/>
    <property name="sun.cpu.endian" value="little"/>
    <property name="user.home" value="C:\Users\dariop"/>
    <property name="user.language" value="pt"/>
    <property name="java.specification.vendor" value="Oracle Corporation"/>
    <property name="java.home" value="C:\Program Files\Java\jdk1.8.0_221\jre"/>
    <property name="basedir" value="C:\Users\dariop\git\ESII-G3-SIDSH\Covid-SCI-Discoveries"/>
    <property name="file.separator" value="\"/>
    <property name="line.separator" value="&#10;"/>
    <property name="java.vm.specification.vendor" value="Oracle Corporation"/>
    <property name="java.specification.name" value="Java Platform API Specification"/>
    <property name="java.awt.graphicsenv" value="sun.awt.Win32GraphicsEnvironment"/>
    <property name="surefire.real.class.path" value="C:\Users\dariop\AppData\Local\Temp\surefire5116665064409538522\surefirebooter5342069244773442516.jar"/>
    <property name="sun.boot.class.path" value="C:\Program Files\Java\jdk1.8.0_221\jre\lib\resources.jar;C:\Program Files\Java\jdk1.8.0_221\jre\lib\rt.jar;C:\Program Files\Java\jdk1.8.0_221\jre\lib\sunrsasign.jar;C:\Program Files\Java\jdk1.8.0_221\jre\lib\jsse.jar;C:\Program Files\Java\jdk1.8.0_221\jre\lib\jce.jar;C:\Program Files\Java\jdk1.8.0_221\jre\lib\charsets.jar;C:\Program Files\Java\jdk1.8.0_221\jre\lib\jfr.jar;C:\Program Files\Java\jdk1.8.0_221\jre\classes"/>
    <property name="user.script" value=""/>
    <property name="sun.management.compiler" value="HotSpot 64-Bit Tiered Compilers"/>
    <property name="java.runtime.version" value="1.8.0_221-b11"/>
    <property name="user.name" value="dariop"/>
    <property name="path.separator" value=";"/>
    <property name="os.version" value="10.0"/>
    <property name="java.endorsed.dirs" value="C:\Program Files\Java\jdk1.8.0_221\jre\lib\endorsed"/>
    <property name="java.runtime.name" value="Java(TM) SE Runtime Environment"/>
    <property name="file.encoding" value="Cp1252"/>
    <property name="java.vm.name" value="Java HotSpot(TM) 64-Bit Server VM"/>
    <property name="localRepository" value="C:\Users\dariop\.m2\repository"/>
    <property name="java.vendor.url.bug" value="http://bugreport.sun.com/bugreport/"/>
    <property name="java.io.tmpdir" value="C:\Users\dariop\AppData\Local\Temp\"/>
    <property name="java.version" value="1.8.0_221"/>
    <property name="user.dir" value="C:\Users\dariop\git\ESII-G3-SIDSH\Covid-SCI-Discoveries"/>
    <property name="os.arch" value="amd64"/>
    <property name="java.vm.specification.name" value="Java Virtual Machine Specification"/>
    <property name="java.awt.printerjob" value="sun.awt.windows.WPrinterJob"/>
    <property name="sun.os.patch.level" value=""/>
    <property name="java.library.path" value="C:\Program Files\Java\jdk1.8.0_221\jre\bin;C:\WINDOWS\Sun\Java\bin;C:\WINDOWS\system32;C:\WINDOWS;C:/Program Files/Java/jre1.8.0_221/bin/server;C:/Program Files/Java/jre1.8.0_221/bin;C:/Program Files/Java/jre1.8.0_221/lib/amd64;C:\Program Files (x86)\Common Files\Oracle\Java\javapath;C:\WINDOWS\system32;C:\WINDOWS;C:\WINDOWS\System32\Wbem;C:\WINDOWS\System32\WindowsPowerShell\v1.0\;C:\WINDOWS\System32\OpenSSH\;C:\Program Files (x86)\Windows Live\Shared;C:\Program Files\Git\cmd;C:\src\flutter\bin;C:\Program Files\Java\jdk1.8.0_221\bin;C:\src\apache-maven-3.6.3\bin;C:\Program Files\Java\jdk1.8.0_221;C:\Program Files\Git\bin;C:\Program Files\MongoDB\Server\4.2\bin;C:\Users\dariop\AppData\Local\Microsoft\WindowsApps;;C:\Program Files\Docker Toolbox;C:\WINDOWS\system32;;."/>
    <property name="java.vm.info" value="mixed mode"/>
    <property name="java.vendor" value="Oracle Corporation"/>
    <property name="java.vm.version" value="25.221-b11"/>
    <property name="java.ext.dirs" value="C:\Program Files\Java\jdk1.8.0_221\jre\lib\ext;C:\WINDOWS\Sun\Java\lib\ext"/>
    <property name="sun.io.unicode.encoding" value="UnicodeLittle"/>
    <property name="java.class.version" value="52.0"/>
  </properties>
  <testcase name="testSetPub_year" classname="es2.g3.sidsh.sci.ArticleTest" time="0.028"/>
  <testcase name="testGetTitle" classname="es2.g3.sidsh.sci.ArticleTest" time="0"/>
  <testcase name="testGetPub_year" classname="es2.g3.sidsh.sci.ArticleTest" time="0.001"/>
  <testcase name="testToString" classname="es2.g3.sidsh.sci.ArticleTest" time="0.002"/>
  <testcase name="testGetAuthors" classname="es2.g3.sidsh.sci.ArticleTest" time="0.001"/>
  <testcase name="testGetAuthorsString" classname="es2.g3.sidsh.sci.ArticleTest" time="0.001"/>
  <testcase name="testSetFileName" classname="es2.g3.sidsh.sci.ArticleTest" time="0"/>
  <testcase name="testGetFileName" classname="es2.g3.sidsh.sci.ArticleTest" time="0"/>
  <testcase name="testGetJournal_name" classname="es2.g3.sidsh.sci.ArticleTest" time="0.001"/>
  <testcase name="testSetAuthors" classname="es2.g3.sidsh.sci.ArticleTest" time="0.001"/>
  <testcase name="testSetJournal_name" classname="es2.g3.sidsh.sci.ArticleTest" time="0"/>
  <testcase name="testArticleStringStringStringStringArrayListOfString" classname="es2.g3.sidsh.sci.ArticleTest" time="0"/>
  <testcase name="testSetTitle" classname="es2.g3.sidsh.sci.ArticleTest" time="0.001"/>
</testsuite>